<?xml version="1.0" encoding="UTF-8"?>
<!-- Generated by org.testng.reporters.JUnitReportReporter -->
<testsuite skipped="0" hostname="DESKTOP-D1RQJBI" name="test.AppiumPOM_XLTest" tests="1" failures="0" timestamp="27 Dec 2017 09:38:19 GMT" time="55.926" errors="0">
  <testcase name="test" time="55.926" classname="test.AppiumPOM_XLTest"/>
</testsuite> <!-- test.AppiumPOM_XLTest -->
