<?xml version="1.0" encoding="UTF-8"?>
<!-- Generated by org.testng.reporters.JUnitReportReporter -->
<testsuite skipped="0" hostname="DESKTOP-D1RQJBI" name="config.driver_config" tests="1" failures="0" timestamp="27 Dec 2017 09:36:58 GMT" time="0.006" errors="0">
  <testcase name="test" time="0.006" classname="config.driver_config"/>
</testsuite> <!-- config.driver_config -->
