<?xml version="1.0" encoding="UTF-8"?>
<!-- Generated by org.testng.reporters.JUnitReportReporter -->
<testsuite skipped="0" hostname="DESKTOP-D1RQJBI" name="test.NewTest" tests="2" failures="0" timestamp="04 Jan 2018 10:33:49 GMT" time="53.594" errors="0">
  <testcase name="test" time="0.003" classname="test.NewTest"/>
  <testcase name="f" time="53.591" classname="test.NewTest"/>
</testsuite> <!-- test.NewTest -->
