<?xml version="1.0" encoding="UTF-8"?>
<!-- Generated by org.testng.reporters.JUnitReportReporter -->
<testsuite skipped="0" hostname="DESKTOP-D1RQJBI" name="Class1ToClass13.HandleText" tests="1" failures="0" timestamp="22 Dec 2017 08:03:03 GMT" time="9.102" errors="0">
  <testcase name="test" time="9.102" classname="Class1ToClass13.HandleText"/>
</testsuite> <!-- Class1ToClass13.HandleText -->
