<?xml version="1.0" encoding="UTF-8"?>
<!-- Generated by org.testng.reporters.JUnitReportReporter -->
<testsuite skipped="0" hostname="DESKTOP-D1RQJBI" name="Class7.HandleText" tests="1" failures="0" timestamp="27 Nov 2017 12:09:01 GMT" time="2.352" errors="0">
  <testcase name="test" time="2.352" classname="Class7.HandleText"/>
</testsuite> <!-- Class7.HandleText -->
