<?xml version="1.0" encoding="UTF-8"?>
<!-- Generated by org.testng.reporters.JUnitReportReporter -->
<testsuite skipped="0" hostname="DESKTOP-D1RQJBI" name="Class7.HandleDropdownBox" tests="1" failures="0" timestamp="27 Nov 2017 11:30:27 GMT" time="13.384" errors="0">
  <testcase name="test" time="13.384" classname="Class7.HandleDropdownBox"/>
</testsuite> <!-- Class7.HandleDropdownBox -->
