<?xml version="1.0" encoding="UTF-8"?>
<!-- Generated by org.testng.reporters.JUnitReportReporter -->
<testsuite skipped="0" hostname="DESKTOP-D1RQJBI" name="Class5.DisplayWebItems" tests="1" failures="0" timestamp="27 Nov 2017 11:05:28 GMT" time="2.564" errors="0">
  <testcase name="test" time="2.564" classname="Class5.DisplayWebItems"/>
</testsuite> <!-- Class5.DisplayWebItems -->
