<?xml version="1.0" encoding="UTF-8"?>
<!-- Generated by org.testng.reporters.JUnitReportReporter -->
<testsuite skipped="0" hostname="DESKTOP-D1RQJBI" name="Class1ToClass13.HandleElementExistence" tests="1" failures="0" timestamp="28 Nov 2017 07:25:07 GMT" time="3.165" errors="0">
  <testcase name="test" time="3.165" classname="Class1ToClass13.HandleElementExistence"/>
</testsuite> <!-- Class1ToClass13.HandleElementExistence -->
