<?xml version="1.0" encoding="UTF-8"?>
<!-- Generated by org.testng.reporters.JUnitReportReporter -->
<testsuite skipped="0" hostname="DESKTOP-D1RQJBI" name="Class1ToClass13.HandleMouseHover" tests="1" failures="0" timestamp="06 Dec 2017 06:09:54 GMT" time="13.562" errors="0">
  <testcase name="test" time="13.562" classname="Class1ToClass13.HandleMouseHover"/>
</testsuite> <!-- Class1ToClass13.HandleMouseHover -->
