<?xml version="1.0" encoding="UTF-8"?>
<!-- Generated by org.testng.reporters.JUnitReportReporter -->
<testsuite skipped="0" hostname="DESKTOP-D1RQJBI" name="SeleniumExercise.SeleniumExercise1" tests="1" failures="0" timestamp="12 Jan 2018 07:22:38 GMT" time="87.433" errors="0">
  <testcase name="test" time="87.433" classname="SeleniumExercise.SeleniumExercise1"/>
</testsuite> <!-- SeleniumExercise.SeleniumExercise1 -->
