<?xml version="1.0" encoding="UTF-8"?>
<!-- Generated by org.testng.reporters.JUnitReportReporter -->
<testsuite skipped="0" hostname="DESKTOP-D1RQJBI" name="Class4.LaunchFirefoxBrowser" tests="1" failures="0" timestamp="27 Nov 2017 11:01:32 GMT" time="0.003" errors="0">
  <testcase name="test" time="0.003" classname="Class4.LaunchFirefoxBrowser"/>
</testsuite> <!-- Class4.LaunchFirefoxBrowser -->
