<?xml version="1.0" encoding="UTF-8"?>
<!-- Generated by org.testng.reporters.JUnitReportReporter -->
<testsuite skipped="0" hostname="DESKTOP-D1RQJBI" name="Class1ToClass13.FaildScreenshot" tests="1" failures="0" timestamp="28 Dec 2017 12:12:00 GMT" time="1.116" errors="0">
  <testcase name="f" time="1.116" classname="Class1ToClass13.FaildScreenshot"/>
</testsuite> <!-- Class1ToClass13.FaildScreenshot -->
