<?xml version="1.0" encoding="UTF-8"?>
<!-- Generated by org.testng.reporters.JUnitReportReporter -->
<testsuite skipped="0" hostname="DESKTOP-D1RQJBI" name="Class1ToClass13.HandleCalendar" tests="1" failures="0" timestamp="02 Feb 2018 07:56:31 GMT" time="6.785" errors="0">
  <testcase name="test" time="6.785" classname="Class1ToClass13.HandleCalendar"/>
</testsuite> <!-- Class1ToClass13.HandleCalendar -->
