<?xml version="1.0" encoding="UTF-8"?>
<!-- Generated by org.testng.reporters.JUnitReportReporter -->
<testsuite skipped="0" hostname="DESKTOP-D1RQJBI" name="Class7.HandleButton" tests="1" failures="0" timestamp="27 Nov 2017 11:27:29 GMT" time="6.415" errors="0">
  <testcase name="test" time="6.415" classname="Class7.HandleButton"/>
</testsuite> <!-- Class7.HandleButton -->
