<?xml version="1.0" encoding="UTF-8"?>
<!-- Generated by org.testng.reporters.JUnitReportReporter -->
<testsuite skipped="0" hostname="DESKTOP-D1RQJBI" name="Class5.CloseBrowser" tests="1" failures="0" timestamp="27 Nov 2017 11:04:51 GMT" time="0.004" errors="0">
  <testcase name="test" time="0.004" classname="Class5.CloseBrowser"/>
</testsuite> <!-- Class5.CloseBrowser -->
