<?xml version="1.0" encoding="UTF-8"?>
<!-- Generated by org.testng.reporters.JUnitReportReporter -->
<testsuite skipped="0" hostname="DESKTOP-D1RQJBI" name="Class1ToClass13.HandleCalendar" tests="1" failures="0" timestamp="06 Dec 2017 06:05:25 GMT" time="4.666" errors="0">
  <testcase name="test" time="4.666" classname="Class1ToClass13.HandleCalendar"/>
</testsuite> <!-- Class1ToClass13.HandleCalendar -->
