<?xml version="1.0" encoding="UTF-8"?>
<!-- Generated by org.testng.reporters.JUnitReportReporter -->
<testsuite skipped="0" hostname="DESKTOP-D1RQJBI" name="Class1ToClass13.QuitBrowser" tests="1" failures="0" timestamp="27 Dec 2017 12:08:31 GMT" time="0.603" errors="0">
  <testcase name="test" time="0.603" classname="Class1ToClass13.QuitBrowser"/>
</testsuite> <!-- Class1ToClass13.QuitBrowser -->
