<?xml version="1.0" encoding="UTF-8"?>
<!-- Generated by org.testng.reporters.JUnitReportReporter -->
<testsuite skipped="0" hostname="DESKTOP-D1RQJBI" name="Class1ToClass13.HandleDropdownBox" tests="1" failures="0" timestamp="28 Dec 2017 10:21:32 GMT" time="15.418" errors="0">
  <testcase name="test" time="15.418" classname="Class1ToClass13.HandleDropdownBox"/>
</testsuite> <!-- Class1ToClass13.HandleDropdownBox -->
