<?xml version="1.0" encoding="UTF-8"?>
<!-- Generated by org.testng.reporters.JUnitReportReporter -->
<testsuite skipped="0" hostname="DESKTOP-D1RQJBI" name="Class1ToClass13.HandleAssertion" tests="1" failures="0" timestamp="27 Dec 2017 11:26:54 GMT" time="2.228" errors="0">
  <testcase name="test" time="2.228" classname="Class1ToClass13.HandleAssertion"/>
</testsuite> <!-- Class1ToClass13.HandleAssertion -->
