<?xml version="1.0" encoding="UTF-8"?>
<!-- Generated by org.testng.reporters.JUnitReportReporter -->
<testsuite skipped="0" hostname="DESKTOP-D1RQJBI" name="Class1ToClass13.HandleDropdownBox" tests="1" failures="0" timestamp="02 Feb 2018 07:51:26 GMT" time="14.960" errors="0">
  <testcase name="test" time="14.960" classname="Class1ToClass13.HandleDropdownBox"/>
</testsuite> <!-- Class1ToClass13.HandleDropdownBox -->
