<?xml version="1.0" encoding="UTF-8"?>
<!-- Generated by org.testng.reporters.JUnitReportReporter -->
<testsuite skipped="0" hostname="DESKTOP-D1RQJBI" name="Class5.HandleLink" tests="1" failures="0" timestamp="27 Nov 2017 11:20:01 GMT" time="6.055" errors="0">
  <testcase name="test" time="6.055" classname="Class5.HandleLink"/>
</testsuite> <!-- Class5.HandleLink -->
