<?xml version="1.0" encoding="UTF-8"?>
<!-- Generated by org.testng.reporters.JUnitReportReporter -->
<testsuite skipped="0" hostname="DESKTOP-D1RQJBI" name="Class1ToClass13.HandleDragNDrop" tests="1" failures="0" timestamp="28 Nov 2017 07:18:40 GMT" time="4.218" errors="0">
  <testcase name="test" time="4.218" classname="Class1ToClass13.HandleDragNDrop"/>
</testsuite> <!-- Class1ToClass13.HandleDragNDrop -->
