<?xml version="1.0" encoding="UTF-8"?>
<!-- Generated by org.testng.reporters.JUnitReportReporter -->
<testsuite skipped="0" hostname="DESKTOP-D1RQJBI" name="InterviewQus.Google3rdOptionClick" tests="1" failures="0" timestamp="26 Dec 2017 05:43:04 GMT" time="7.497" errors="0">
  <testcase name="SelfEmployTestCase" time="7.497" classname="InterviewQus.Google3rdOptionClick"/>
</testsuite> <!-- InterviewQus.Google3rdOptionClick -->
