<?xml version="1.0" encoding="UTF-8"?>
<!-- Generated by org.testng.reporters.JUnitReportReporter -->
<testsuite skipped="0" hostname="DESKTOP-D1RQJBI" name="com.test.automation.uiAutomation.homepage.TC001_VerifyLoginWithInvalidCredentails" tests="1" failures="0" timestamp="30 Nov 2017 12:28:45 GMT" time="3.864" errors="0">
  <testcase name="verifyLoginWithInvalidCredentails" time="3.864" classname="com.test.automation.uiAutomation.homepage.TC001_VerifyLoginWithInvalidCredentails"/>
</testsuite> <!-- com.test.automation.uiAutomation.homepage.TC001_VerifyLoginWithInvalidCredentails -->
