<?xml version="1.0" encoding="UTF-8"?>
<!-- Generated by org.testng.reporters.JUnitReportReporter -->
<testsuite skipped="0" hostname="DESKTOP-D1RQJBI" name="MavenTest.MavenTest.MavenTest" tests="1" failures="0" timestamp="30 Nov 2017 06:19:04 GMT" time="2.189" errors="0">
  <testcase name="Test" time="2.189" classname="MavenTest.MavenTest.MavenTest"/>
</testsuite> <!-- MavenTest.MavenTest.MavenTest -->
