<?xml version="1.0" encoding="UTF-8"?>
<!-- Generated by org.testng.reporters.JUnitReportReporter -->
<testsuite skipped="0" hostname="DESKTOP-D1RQJBI" name="AppiumPracticesPro.DisplayWebItems" tests="1" failures="0" timestamp="06 Nov 2017 06:28:09 GMT" time="5.258" errors="0">
  <testcase name="test" time="5.258" classname="AppiumPracticesPro.DisplayWebItems"/>
</testsuite> <!-- AppiumPracticesPro.DisplayWebItems -->
