<?xml version="1.0" encoding="UTF-8"?>
<!-- Generated by org.testng.reporters.JUnitReportReporter -->
<testsuite skipped="0" hostname="DESKTOP-D1RQJBI" name="AppiumPracticesPro.HandleDropdownBox" tests="1" failures="0" timestamp="06 Nov 2017 07:00:59 GMT" time="33.934" errors="0">
  <testcase name="test" time="33.934" classname="AppiumPracticesPro.HandleDropdownBox"/>
</testsuite> <!-- AppiumPracticesPro.HandleDropdownBox -->
