<?xml version="1.0" encoding="UTF-8"?>
<!-- Generated by org.testng.reporters.JUnitReportReporter -->
<testsuite skipped="0" hostname="DESKTOP-D1RQJBI" name="AppiumPracticesPro.HandleElementExistence" tests="1" failures="0" timestamp="06 Nov 2017 07:06:16 GMT" time="10.736" errors="0">
  <testcase name="test" time="10.736" classname="AppiumPracticesPro.HandleElementExistence"/>
</testsuite> <!-- AppiumPracticesPro.HandleElementExistence -->
