<?xml version="1.0" encoding="UTF-8"?>
<!-- Generated by org.testng.reporters.JUnitReportReporter -->
<testsuite skipped="0" hostname="DESKTOP-D1RQJBI" name="RND.driverSwipe" tests="2" failures="0" timestamp="08 Feb 2018 12:27:22 GMT" time="14.279" errors="0">
  <testcase name="swipingVertical" time="7.120" classname="RND.driverSwipe"/>
  <testcase name="swipingHorizontal" time="7.159" classname="RND.driverSwipe"/>
</testsuite> <!-- RND.driverSwipe -->
