<?xml version="1.0" encoding="UTF-8"?>
<!-- Generated by org.testng.reporters.JUnitReportReporter -->
<testsuite skipped="0" hostname="DESKTOP-D1RQJBI" name="AppiumPracticesPro.VRCRegisterTestCase" tests="1" failures="0" timestamp="08 Nov 2017 09:59:31 GMT" time="62.776" errors="0">
  <testcase name="VRCRegisterTestCase" time="62.776" classname="AppiumPracticesPro.VRCRegisterTestCase"/>
</testsuite> <!-- AppiumPracticesPro.VRCRegisterTestCase -->
