<?xml version="1.0" encoding="UTF-8"?>
<!-- Generated by org.testng.reporters.JUnitReportReporter -->
<testsuite skipped="0" hostname="DESKTOP-D1RQJBI" name="RND.SetStarRating" tests="2" failures="0" timestamp="09 Feb 2018 10:02:58 GMT" time="2.280" errors="0">
  <testcase name="set5StarRatingbar" time="0.957" classname="RND.SetStarRating"/>
  <testcase name="set3StarRatingbar" time="1.323" classname="RND.SetStarRating"/>
</testsuite> <!-- RND.SetStarRating -->
