<?xml version="1.0" encoding="UTF-8"?>
<!-- Generated by org.testng.reporters.JUnitReportReporter -->
<testsuite skipped="0" hostname="DESKTOP-D1RQJBI" name="OnlineClass.HandleScreenshot" tests="1" failures="0" timestamp="06 Nov 2017 05:05:32 GMT" time="5.956" errors="0">
  <testcase name="test" time="5.956" classname="OnlineClass.HandleScreenshot"/>
</testsuite> <!-- OnlineClass.HandleScreenshot -->
