<?xml version="1.0" encoding="UTF-8"?>
<!-- Generated by org.testng.reporters.JUnitReportReporter -->
<testsuite skipped="0" hostname="DESKTOP-D1RQJBI" name="AppiumPracticesPro.CloseBrowser" tests="1" failures="0" timestamp="06 Nov 2017 06:26:30 GMT" time="0.005" errors="0">
  <testcase name="test" time="0.005" classname="AppiumPracticesPro.CloseBrowser"/>
</testsuite> <!-- AppiumPracticesPro.CloseBrowser -->
