<?xml version="1.0" encoding="UTF-8"?>
<!-- Generated by org.testng.reporters.JUnitReportReporter -->
<testsuite skipped="0" hostname="DESKTOP-D1RQJBI" name="AppiumPracticesPro.HandleAlert" tests="1" failures="0" timestamp="06 Nov 2017 06:31:13 GMT" time="14.371" errors="0">
  <testcase name="test" time="14.371" classname="AppiumPracticesPro.HandleAlert"/>
</testsuite> <!-- AppiumPracticesPro.HandleAlert -->
