<?xml version="1.0" encoding="UTF-8"?>
<!-- Generated by org.testng.reporters.JUnitReportReporter -->
<testsuite skipped="0" hostname="DESKTOP-D1RQJBI" name="AppiumPracticesPro.Emulator_Native_Selendroid" tests="1" failures="0" timestamp="29 Jan 2018 13:37:37 GMT" time="0.004" errors="0">
  <testcase name="test" time="0.004" classname="AppiumPracticesPro.Emulator_Native_Selendroid"/>
</testsuite> <!-- AppiumPracticesPro.Emulator_Native_Selendroid -->
