<?xml version="1.0" encoding="UTF-8"?>
<!-- Generated by org.testng.reporters.JUnitReportReporter -->
<testsuite skipped="0" hostname="DESKTOP-D1RQJBI" name="AppiumPracticesPro.LaunchApp" tests="1" failures="0" timestamp="08 Nov 2017 05:02:05 GMT" time="55.558" errors="0">
  <testcase name="test" time="55.558" classname="AppiumPracticesPro.LaunchApp"/>
</testsuite> <!-- AppiumPracticesPro.LaunchApp -->
