<?xml version="1.0" encoding="UTF-8"?>
<!-- Generated by org.testng.reporters.JUnitReportReporter -->
<testsuite skipped="0" hostname="DESKTOP-D1RQJBI" name="RND.HScrollTabs" tests="1" failures="0" timestamp="09 Feb 2018 07:31:44 GMT" time="60.043" errors="0">
  <testcase name="ScrollToTab" time="60.043" classname="RND.HScrollTabs"/>
</testsuite> <!-- RND.HScrollTabs -->
