<?xml version="1.0" encoding="UTF-8"?>
<!-- Generated by org.testng.reporters.JUnitReportReporter -->
<testsuite skipped="0" hostname="DESKTOP-D1RQJBI" name="RND.NaukriApp" tests="1" failures="0" timestamp="01 Feb 2018 09:36:44 GMT" time="66.791" errors="0">
  <testcase name="test" time="66.791" classname="RND.NaukriApp"/>
</testsuite> <!-- RND.NaukriApp -->
