<?xml version="1.0" encoding="UTF-8"?>
<!-- Generated by org.testng.reporters.JUnitReportReporter -->
<testsuite skipped="0" hostname="DESKTOP-D1RQJBI" name="OnlineClass.HandleImage" tests="1" failures="0" timestamp="31 Oct 2017 11:21:45 GMT" time="3.489" errors="0">
  <testcase name="test" time="3.489" classname="OnlineClass.HandleImage"/>
</testsuite> <!-- OnlineClass.HandleImage -->
