<?xml version="1.0" encoding="UTF-8"?>
<!-- Generated by org.testng.reporters.JUnitReportReporter -->
<testsuite skipped="0" hostname="DESKTOP-D1RQJBI" name="OnlineClass.Paytm" tests="1" failures="0" timestamp="31 Jan 2018 09:29:13 GMT" time="0.004" errors="0">
  <testcase name="test" time="0.004" classname="OnlineClass.Paytm"/>
</testsuite> <!-- OnlineClass.Paytm -->
