<?xml version="1.0" encoding="UTF-8"?>
<!-- Generated by org.testng.reporters.JUnitReportReporter -->
<testsuite skipped="0" hostname="DESKTOP-D1RQJBI" name="AppiumPracticesPro.Web" tests="1" failures="0" timestamp="08 Nov 2017 09:52:11 GMT" time="63.999" errors="0">
  <testcase name="VRCRegister" time="63.999" classname="AppiumPracticesPro.Web"/>
</testsuite> <!-- AppiumPracticesPro.Web -->
