<?xml version="1.0" encoding="UTF-8"?>
<!-- Generated by org.testng.reporters.JUnitReportReporter -->
<testsuite skipped="0" hostname="DESKTOP-D1RQJBI" name="RND.NaukriAppDp" tests="1" failures="0" timestamp="02 Feb 2018 12:17:40 GMT" time="41.543" errors="0">
  <testcase name="test" time="41.543" classname="RND.NaukriAppDp"/>
</testsuite> <!-- RND.NaukriAppDp -->
