<?xml version="1.0" encoding="UTF-8"?>
<!-- Generated by org.testng.reporters.JUnitReportReporter -->
<testsuite skipped="0" hostname="DESKTOP-D1RQJBI" name="AppiumPracticesPro.HandleCheckBox" tests="1" failures="0" timestamp="06 Nov 2017 06:57:55 GMT" time="73.509" errors="0">
  <testcase name="test" time="73.509" classname="AppiumPracticesPro.HandleCheckBox"/>
</testsuite> <!-- AppiumPracticesPro.HandleCheckBox -->
