<?xml version="1.0" encoding="UTF-8"?>
<!-- Generated by org.testng.reporters.JUnitReportReporter -->
<testsuite skipped="0" hostname="DESKTOP-D1RQJBI" name="appiumserver.HandleDropdownBox" tests="1" failures="0" timestamp="08 Nov 2017 05:41:32 GMT" time="8.295" errors="0">
  <testcase name="test" time="8.295" classname="appiumserver.HandleDropdownBox"/>
</testsuite> <!-- appiumserver.HandleDropdownBox -->
