<?xml version="1.0" encoding="UTF-8"?>
<!-- Generated by org.testng.reporters.JUnitReportReporter -->
<testsuite skipped="0" hostname="DESKTOP-D1RQJBI" name="SelfEmploy.NewTest" tests="1" failures="0" timestamp="26 Dec 2017 12:37:00 GMT" time="0.004" errors="0">
  <testcase name="f" time="0.004" classname="SelfEmploy.NewTest"/>
</testsuite> <!-- SelfEmploy.NewTest -->
