<?xml version="1.0" encoding="UTF-8"?>
<!-- Generated by org.testng.reporters.JUnitReportReporter -->
<testsuite skipped="0" hostname="DESKTOP-D1RQJBI" name="appiumserver.VirtualPaathshala" tests="1" failures="0" timestamp="08 Nov 2017 09:38:03 GMT" time="65.182" errors="0">
  <testcase name="Test" time="65.182" classname="appiumserver.VirtualPaathshala"/>
</testsuite> <!-- appiumserver.VirtualPaathshala -->
