<?xml version="1.0" encoding="UTF-8"?>
<!-- Generated by org.testng.reporters.JUnitReportReporter -->
<testsuite skipped="0" hostname="DESKTOP-D1RQJBI" name="AppiumPracticesPro.HandleCalendar" tests="1" failures="0" timestamp="06 Nov 2017 06:53:23 GMT" time="57.517" errors="0">
  <testcase name="test" time="57.517" classname="AppiumPracticesPro.HandleCalendar"/>
</testsuite> <!-- AppiumPracticesPro.HandleCalendar -->
