<?xml version="1.0" encoding="UTF-8"?>
<!-- Generated by org.testng.reporters.JUnitReportReporter -->
<testsuite skipped="0" hostname="DESKTOP-D1RQJBI" name="AppiumPracticesPro.HandleButton" tests="1" failures="0" timestamp="06 Nov 2017 06:44:52 GMT" time="60.121" errors="0">
  <testcase name="test" time="60.121" classname="AppiumPracticesPro.HandleButton"/>
</testsuite> <!-- AppiumPracticesPro.HandleButton -->
