<?xml version="1.0" encoding="UTF-8"?>
<!-- Generated by org.testng.reporters.JUnitReportReporter -->
<testsuite skipped="0" hostname="DESKTOP-D1RQJBI" name="test.HSLoginAppiumPOM_XLTest" tests="1" failures="0" timestamp="18 Dec 2017 09:50:56 GMT" time="0.173" errors="0">
  <testcase name="test" time="0.173" classname="test.HSLoginAppiumPOM_XLTest"/>
</testsuite> <!-- test.HSLoginAppiumPOM_XLTest -->
