<?xml version="1.0" encoding="UTF-8"?>
<!-- Generated by org.testng.reporters.JUnitReportReporter -->
<testsuite skipped="0" hostname="DESKTOP-D1RQJBI" name="test.Filter" tests="1" failures="0" timestamp="08 Feb 2018 11:47:47 GMT" time="33.093" errors="0">
  <testcase name="SelfEmployTestCase" time="33.093" classname="test.Filter"/>
</testsuite> <!-- test.Filter -->
