<?xml version="1.0" encoding="UTF-8"?>
<!-- Generated by org.testng.reporters.JUnitReportReporter -->
<testsuite skipped="0" hostname="DESKTOP-D1RQJBI" name="test.MercuryTours" tests="1" failures="0" timestamp="18 Dec 2017 07:22:42 GMT" time="32.907" errors="0">
  <testcase name="test" time="32.907" classname="test.MercuryTours"/>
</testsuite> <!-- test.MercuryTours -->
