<?xml version="1.0" encoding="UTF-8"?>
<!-- Generated by org.testng.reporters.JUnitReportReporter -->
<testsuite skipped="0" hostname="DESKTOP-D1RQJBI" name="test.MercuryTours" tests="10" failures="0" timestamp="30 Mar 2018 11:34:23 GMT" time="25.212" errors="0">
  <testcase name="testLogin" time="5.846" classname="test.MercuryTours"/>
  <testcase name="testLogin" time="1.710" classname="test.MercuryTours"/>
  <testcase name="testLogin" time="0.094" classname="test.MercuryTours"/>
  <testcase name="testLogin" time="0.073" classname="test.MercuryTours"/>
  <testcase name="testLogin" time="0.041" classname="test.MercuryTours"/>
  <testcase name="testLogin" time="5.887" classname="test.MercuryTours"/>
  <testcase name="testLogin" time="5.577" classname="test.MercuryTours"/>
  <testcase name="testLogin" time="1.993" classname="test.MercuryTours"/>
  <testcase name="testLogin" time="0.061" classname="test.MercuryTours"/>
  <testcase name="testLogin" time="3.930" classname="test.MercuryTours"/>
</testsuite> <!-- test.MercuryTours -->
