<?xml version="1.0" encoding="UTF-8"?>
<!-- Generated by org.testng.reporters.JUnitReportReporter -->
<testsuite skipped="0" hostname="DESKTOP-D1RQJBI" name="test.NewTest" tests="2" failures="0" timestamp="02 Feb 2018 11:52:34 GMT" time="27.304" errors="0">
  <testcase name="test" time="0.003" classname="test.NewTest"/>
  <testcase name="f" time="27.301" classname="test.NewTest"/>
</testsuite> <!-- test.NewTest -->
