<?xml version="1.0" encoding="UTF-8"?>
<!-- Generated by org.testng.reporters.JUnitReportReporter -->
<testsuite skipped="0" hostname="DESKTOP-D1RQJBI" name="test.NewTest" tests="2" failures="0" timestamp="01 Feb 2018 14:29:05 GMT" time="23.279" errors="0">
  <testcase name="test" time="0.001" classname="test.NewTest"/>
  <testcase name="f" time="23.278" classname="test.NewTest"/>
</testsuite> <!-- test.NewTest -->
