<?xml version="1.0" encoding="UTF-8"?>
<!-- Generated by org.testng.reporters.JUnitReportReporter -->
<testsuite skipped="0" hostname="DESKTOP-D1RQJBI" name="test.POMTest" tests="1" failures="0" timestamp="18 Dec 2017 10:03:27 GMT" time="15.360" errors="0">
  <testcase name="POMTest" time="15.360" classname="test.POMTest"/>
</testsuite> <!-- test.POMTest -->
