<?xml version="1.0" encoding="UTF-8"?>
<!-- Generated by org.testng.reporters.JUnitReportReporter -->
<testsuite skipped="0" hostname="DESKTOP-D1RQJBI" name="test.Appium_POM_HSTest" tests="1" failures="0" timestamp="18 Dec 2017 10:40:18 GMT" time="63.440" errors="0">
  <testcase name="POMTest" time="63.440" classname="test.Appium_POM_HSTest"/>
</testsuite> <!-- test.Appium_POM_HSTest -->
