<?xml version="1.0" encoding="UTF-8"?>
<!-- Generated by org.testng.reporters.JUnitReportReporter -->
<testsuite skipped="0" hostname="DESKTOP-D1RQJBI" name="Appium.TestNG" tests="1" failures="0" timestamp="16 Oct 2017 10:32:48 GMT" time="16.360" errors="0">
  <testcase name="f" time="16.360" classname="Appium.TestNG"/>
</testsuite> <!-- Appium.TestNG -->
