<?xml version="1.0" encoding="UTF-8"?>
<!-- Generated by org.testng.reporters.JUnitReportReporter -->
<testsuite skipped="0" hostname="DESKTOP-D1RQJBI" name="Appium.CaptureScreenShot" tests="1" failures="0" timestamp="16 Oct 2017 10:56:16 GMT" time="9.515" errors="0">
  <testcase name="ScrollToTab" time="9.515" classname="Appium.CaptureScreenShot"/>
</testsuite> <!-- Appium.CaptureScreenShot -->
