<?xml version="1.0" encoding="UTF-8"?>
<!-- Generated by org.testng.reporters.JUnitReportReporter -->
<testsuite hostname="DESKTOP-D1RQJBI" name="report.TestReport" tests="1" failures="0" timestamp="28 Dec 2017 07:51:32 GMT" time="10.433" errors="0">
  <testcase name="verifySeleniumBlog" time="10.433" classname="report.TestReport"/>
</testsuite> <!-- report.TestReport -->
