<?xml version="1.0" encoding="UTF-8"?>
<!-- Generated by org.testng.reporters.JUnitReportReporter -->
<testsuite hostname="DESKTOP-D1RQJBI" name="test.POMTest" tests="1" failures="0" timestamp="18 Dec 2017 09:53:02 GMT" time="19.177" errors="0">
  <testcase name="POMTest" time="19.177" classname="test.POMTest"/>
</testsuite> <!-- test.POMTest -->
