<?xml version="1.0" encoding="UTF-8"?>
<!-- Generated by org.testng.reporters.JUnitReportReporter -->
<testsuite hostname="DESKTOP-D1RQJBI" name="report.TestReport" tests="1" failures="0" timestamp="22 Dec 2017 09:38:29 GMT" time="8.544" errors="0">
  <testcase name="verifySeleniumBlog" time="8.544" classname="report.TestReport"/>
</testsuite> <!-- report.TestReport -->
